This is pdfTeX, Version 3.14159265-2.6-1.40.21 (TeX Live 2020/W32TeX) (preloaded format=pdflatex 2020.12.5)  14 JAN 2021 17:11
entering extended mode
 restricted \write18 enabled.
 %&-line parsing enabled.
**number_theory.tex
(./number_theory.tex
LaTeX2e <2020-02-02> patch level 5
L3 programming layer <2020-03-06>
(p:/Tex/texlive/2020/texmf-dist/tex/latex/ctex/ctexart.cls
(p:/Tex/texlive/2020/texmf-dist/tex/latex/l3kernel/expl3.sty
Package: expl3 2020-03-06 L3 programming layer (loader) 

(p:/Tex/texlive/2020/texmf-dist/tex/latex/l3backend/l3backend-pdfmode.def
File: l3backend-pdfmode.def 2020-03-12 L3 backend support: PDF mode
\l__kernel_color_stack_int=\count167
\l__pdf_internal_box=\box45
))
Document Class: ctexart 2019/05/29 v2.4.16 Chinese adapter for class article (C
TEX)
(p:/Tex/texlive/2020/texmf-dist/tex/latex/l3packages/xparse/xparse.sty
Package: xparse 2020-03-06 L3 Experimental document command parser
\l__xparse_current_arg_int=\count168
\g__xparse_grabber_int=\count169
\l__xparse_m_args_int=\count170
\l__xparse_v_nesting_int=\count171
)
(p:/Tex/texlive/2020/texmf-dist/tex/latex/l3packages/l3keys2e/l3keys2e.sty
Package: l3keys2e 2020-03-06 LaTeX2e option processing using LaTeX3 keys
)
(p:/Tex/texlive/2020/texmf-dist/tex/latex/ctex/ctexhook.sty
Package: ctexhook 2019/05/29 v2.4.16 Document and package hooks (CTEX)
)
(p:/Tex/texlive/2020/texmf-dist/tex/latex/ctex/ctexpatch.sty
Package: ctexpatch 2019/05/29 v2.4.16 Patching commands (CTEX)
)
(p:/Tex/texlive/2020/texmf-dist/tex/latex/base/fix-cm.sty
Package: fix-cm 2015/01/14 v1.1t fixes to LaTeX

(p:/Tex/texlive/2020/texmf-dist/tex/latex/base/ts1enc.def
File: ts1enc.def 2001/06/05 v3.0e (jk/car/fm) Standard LaTeX file
LaTeX Font Info:    Redeclaring font encoding TS1 on input line 47.
))
(p:/Tex/texlive/2020/texmf-dist/tex/latex/ms/everysel.sty
Package: everysel 2011/10/28 v1.2 EverySelectfont Package (MS)
)
\l__ctex_tmp_int=\count172
\l__ctex_tmp_box=\box46
\l__ctex_tmp_dim=\dimen134
\g__ctex_section_depth_int=\count173
\g__ctex_font_size_int=\count174

(p:/Tex/texlive/2020/texmf-dist/tex/latex/ctex/config/ctexopts.cfg
File: ctexopts.cfg 2019/05/29 v2.4.16 Option configuration file (CTEX)
)
(p:/Tex/texlive/2020/texmf-dist/tex/latex/base/article.cls
Document Class: article 2019/12/20 v1.4l Standard LaTeX document class
(p:/Tex/texlive/2020/texmf-dist/tex/latex/base/size10.clo
File: size10.clo 2019/12/20 v1.4l Standard LaTeX file (size option)
)
\c@part=\count175
\c@section=\count176
\c@subsection=\count177
\c@subsubsection=\count178
\c@paragraph=\count179
\c@subparagraph=\count180
\c@figure=\count181
\c@table=\count182
\abovecaptionskip=\skip47
\belowcaptionskip=\skip48
\bibindent=\dimen135
)
(p:/Tex/texlive/2020/texmf-dist/tex/latex/ctex/engine/ctex-engine-pdftex.def
File: ctex-engine-pdftex.def 2019/05/29 v2.4.16 (pdf)LaTeX adapter (CTEX)

(p:/Tex/texlive/2020/texmf-dist/tex/latex/cjk/texinput/CJK.sty
Package: CJK 2015/04/18 4.8.4

(p:/Tex/texlive/2020/texmf-dist/tex/latex/cjk/texinput/mule/MULEenc.sty
Package: MULEenc 2015/04/18 4.8.4
)
(p:/Tex/texlive/2020/texmf-dist/tex/latex/cjk/texinput/CJK.enc
File: CJK.enc 2015/04/18 4.8.4
Now handling font encoding C00 ...
... no UTF-8 mapping file for font encoding C00
Now handling font encoding C05 ...
... no UTF-8 mapping file for font encoding C05
Now handling font encoding C09 ...
... no UTF-8 mapping file for font encoding C09
Now handling font encoding C10 ...
... no UTF-8 mapping file for font encoding C10
Now handling font encoding C20 ...
... no UTF-8 mapping file for font encoding C20
Now handling font encoding C19 ...
... no UTF-8 mapping file for font encoding C19
Now handling font encoding C40 ...
... no UTF-8 mapping file for font encoding C40
Now handling font encoding C42 ...
... no UTF-8 mapping file for font encoding C42
Now handling font encoding C43 ...
... no UTF-8 mapping file for font encoding C43
Now handling font encoding C50 ...
... no UTF-8 mapping file for font encoding C50
Now handling font encoding C52 ...
... no UTF-8 mapping file for font encoding C52
Now handling font encoding C49 ...
... no UTF-8 mapping file for font encoding C49
Now handling font encoding C60 ...
... no UTF-8 mapping file for font encoding C60
Now handling font encoding C61 ...
... no UTF-8 mapping file for font encoding C61
Now handling font encoding C63 ...
... no UTF-8 mapping file for font encoding C63
Now handling font encoding C64 ...
... no UTF-8 mapping file for font encoding C64
Now handling font encoding C65 ...
... no UTF-8 mapping file for font encoding C65
Now handling font encoding C70 ...
... no UTF-8 mapping file for font encoding C70
Now handling font encoding C31 ...
... no UTF-8 mapping file for font encoding C31
Now handling font encoding C32 ...
... no UTF-8 mapping file for font encoding C32
Now handling font encoding C33 ...
... no UTF-8 mapping file for font encoding C33
Now handling font encoding C34 ...
... no UTF-8 mapping file for font encoding C34
Now handling font encoding C35 ...
... no UTF-8 mapping file for font encoding C35
Now handling font encoding C36 ...
... no UTF-8 mapping file for font encoding C36
Now handling font encoding C37 ...
... no UTF-8 mapping file for font encoding C37
Now handling font encoding C80 ...
... no UTF-8 mapping file for font encoding C80
Now handling font encoding C81 ...
... no UTF-8 mapping file for font encoding C81
Now handling font encoding C01 ...
... no UTF-8 mapping file for font encoding C01
Now handling font encoding C11 ...
... no UTF-8 mapping file for font encoding C11
Now handling font encoding C21 ...
... no UTF-8 mapping file for font encoding C21
Now handling font encoding C41 ...
... no UTF-8 mapping file for font encoding C41
Now handling font encoding C62 ...
... no UTF-8 mapping file for font encoding C62
)
LaTeX Info: Redefining \selectfont on input line 755.
\CJK@indent=\box47
)
(p:/Tex/texlive/2020/texmf-dist/tex/latex/cjkpunct/CJKpunct.sty
Package: CJKpunct 2016/05/14 4.8.4
\CJKpunct@cnta=\count183
\CJKpunct@cntb=\count184
\CJKpunct@cntc=\count185
\CJKpunct@cntd=\count186
\CJKpunct@cnte=\count187
   defining Unicode char U+2018 (decimal 8216)
   defining Unicode char U+2019 (decimal 8217)
   defining Unicode char U+201C (decimal 8220)
   defining Unicode char U+201D (decimal 8221)
   defining Unicode char U+2014 (decimal 8212)
   defining Unicode char U+2026 (decimal 8230)

(p:/Tex/texlive/2020/texmf-dist/tex/latex/cjkpunct/CJKpunct.spa))
(p:/Tex/texlive/2020/texmf-dist/tex/latex/cjk/texinput/CJKspace.sty
Package: CJKspace 2015/04/18 3.8.0
)
(p:/Tex/texlive/2020/texmf-dist/tex/latex/cjk/texinput/standard.bdg
File: standard.bdg 2015/04/18 4.8.4
)
(p:/Tex/texlive/2020/texmf-dist/tex/latex/ctex/ctexspa.def
File: ctexspa.def 2019/05/29 v2.4.16 Space info for CJKpunct (CTEX)
)
(p:/Tex/texlive/2020/texmf-dist/tex/latex/cjk/texinput/CJKfntef.sty
Package: CJKfntef 2015/04/18 4.8.4

(p:/Tex/texlive/2020/texmf-dist/tex/latex/cjk/texinput/CJKulem.sty
Package: CJKulem 2015/04/18 4.8.4

(p:/Tex/texlive/2020/texmf-dist/tex/generic/ulem/ulem.sty
\UL@box=\box48
\UL@hyphenbox=\box49
\UL@skip=\skip49
\UL@hook=\toks15
\UL@height=\dimen136
\UL@pe=\count188
\UL@pixel=\dimen137
\ULC@box=\box50
Package: ulem 2019/11/18
\ULdepth=\dimen138
)
\UL@lastkern=\dimen139
\CJK@skip=\skip50
)
\CJK@fntefSkip=\skip51
\CJK@nest=\count189
\CJK@fntefDimen=\dimen140
\CJK@underdotBox=\box51
\CJK@ULbox=\box52
\CJK@underanyskip=\dimen141
)
\ccwd=\dimen142
\l__ctex_ccglue_skip=\skip52
)
\l__ctex_ziju_dim=\dimen143

(p:/Tex/texlive/2020/texmf-dist/tex/latex/zhnumber/zhnumber.sty
Package: zhnumber 2019/04/07 v2.7 Typesetting numbers with Chinese glyphs
\l__zhnum_scale_int=\count190
\l__zhnum_byte_min_int=\count191
\l__zhnum_byte_max_int=\count192

(p:/Tex/texlive/2020/texmf-dist/tex/latex/zhnumber/zhnumber-gbk.cfg
File: zhnumber-gbk.cfg 2019/04/07 v2.7 Chinese numerals with GBK encoding
))
\l__ctex_heading_skip=\skip53

(p:/Tex/texlive/2020/texmf-dist/tex/latex/ctex/scheme/ctex-scheme-chinese-artic
le.def
File: ctex-scheme-chinese-article.def 2019/05/29 v2.4.16 Chinese scheme for art
icle (CTEX)
 (p:/Tex/texlive/2020/texmf-dist/tex/latex/ctex/config/ctex-name-gbk.cfg
File: ctex-name-gbk.cfg 2019/05/29 v2.4.16 Caption with encoding GBK (CTEX)
)) (p:/Tex/texlive/2020/texmf-dist/tex/latex/ctex/ctex-c5size.clo
File: ctex-c5size.clo 2019/05/29 v2.4.16 c5size option (CTEX)
)
(p:/Tex/texlive/2020/texmf-dist/tex/latex/ctex/fontset/ctex-fontset-windows.def
File: ctex-fontset-windows.def 2019/05/29 v2.4.16 Windows fonts definition (CTE
X)

(p:/Tex/texlive/2020/texmf-dist/tex/latex/ctex/fontset/ctex-fontset-windowsnew.
def
File: ctex-fontset-windowsnew.def 2019/05/29 v2.4.16 Windows fonts definition f
or Vista or later version (CTEX)
 (p:/Tex/texlive/2020/texmf-dist/tex/generic/ctex/zhwindowsfonts.tex
File: zhwindowsfonts.tex 2019/05/29 v2.4.16 Windows font map loader for pdfTeX 
and DVIPDFMx (CTEX)
{p:/Tex/texlive/2020/texmf-var/fonts/map/pdftex/updmap/pdftex.map}{UGBK.sfd}{Un
icode.sfd})))) (p:/Tex/texlive/2020/texmf-dist/tex/latex/ctex/config/ctex.cfg
File: ctex.cfg 2019/05/29 v2.4.16 Configuration file (CTEX)
)
(p:/Tex/texlive/2020/texmf-dist/tex/latex/amsfonts/amsfonts.sty
Package: amsfonts 2013/01/14 v3.01 Basic AMSFonts support
\@emptytoks=\toks16
\symAMSa=\mathgroup4
\symAMSb=\mathgroup5
LaTeX Font Info:    Redeclaring math symbol \hbar on input line 98.
LaTeX Font Info:    Overwriting math alphabet `\mathfrak' in version `bold'
(Font)                  U/euf/m/n --> U/euf/b/n on input line 106.
)
(p:/Tex/texlive/2020/texmf-dist/tex/latex/amsfonts/amssymb.sty
Package: amssymb 2013/01/14 v3.01 AMS font symbols
)
(p:/Tex/texlive/2020/texmf-dist/tex/latex/amsmath/amsmath.sty
Package: amsmath 2020/01/20 v2.17e AMS math features
\@mathmargin=\skip54

For additional information on amsmath, use the `?' option.
(p:/Tex/texlive/2020/texmf-dist/tex/latex/amsmath/amstext.sty
Package: amstext 2000/06/29 v2.01 AMS text

(p:/Tex/texlive/2020/texmf-dist/tex/latex/amsmath/amsgen.sty
File: amsgen.sty 1999/11/30 v2.0 generic functions
\@emptytoks=\toks17
\ex@=\dimen144
))
(p:/Tex/texlive/2020/texmf-dist/tex/latex/amsmath/amsbsy.sty
Package: amsbsy 1999/11/29 v1.2d Bold Symbols
\pmbraise@=\dimen145
)
(p:/Tex/texlive/2020/texmf-dist/tex/latex/amsmath/amsopn.sty
Package: amsopn 2016/03/08 v2.02 operator names
)
\inf@bad=\count193
LaTeX Info: Redefining \frac on input line 227.
\uproot@=\count194
\leftroot@=\count195
LaTeX Info: Redefining \overline on input line 389.
\classnum@=\count196
\DOTSCASE@=\count197
LaTeX Info: Redefining \ldots on input line 486.
LaTeX Info: Redefining \dots on input line 489.
LaTeX Info: Redefining \cdots on input line 610.
\Mathstrutbox@=\box53
\strutbox@=\box54
\big@size=\dimen146
LaTeX Font Info:    Redeclaring font encoding OML on input line 733.
LaTeX Font Info:    Redeclaring font encoding OMS on input line 734.
\macc@depth=\count198
\c@MaxMatrixCols=\count199
\dotsspace@=\muskip16
\c@parentequation=\count266
\dspbrk@lvl=\count267
\tag@help=\toks18
\row@=\count268
\column@=\count269
\maxfields@=\count270
\andhelp@=\toks19
\eqnshift@=\dimen147
\alignsep@=\dimen148
\tagshift@=\dimen149
\tagwidth@=\dimen150
\totwidth@=\dimen151
\lineht@=\dimen152
\@envbody=\toks20
\multlinegap=\skip55
\multlinetaggap=\skip56
\mathdisplay@stack=\toks21
LaTeX Info: Redefining \[ on input line 2859.
LaTeX Info: Redefining \] on input line 2860.
)
(p:/Tex/texlive/2020/texmf-dist/tex/latex/tools/indentfirst.sty
Package: indentfirst 1995/11/23 v1.03 Indent first paragraph (DPC)
)
(p:/Tex/texlive/2020/texmf-dist/tex/latex/jknapltx/mathrsfs.sty
Package: mathrsfs 1996/01/01 Math RSFS package v1.0 (jk)
\symrsfs=\mathgroup6
)
(p:/Tex/texlive/2020/texmf-dist/tex/latex/base/latexsym.sty
Package: latexsym 1998/08/17 v2.2e Standard LaTeX package (lasy symbols)
\symlasy=\mathgroup7
LaTeX Font Info:    Overwriting symbol font `lasy' in version `bold'
(Font)                  U/lasy/m/n --> U/lasy/b/n on input line 52.
)
(p:/Tex/texlive/2020/texmf-dist/tex/latex/cjk/texinput/extended.enc
File: extended.enc 2015/04/18 4.8.4
)
(p:/Tex/texlive/2020/texmf-dist/tex/latex/cjk/texinput/extended.chr
File: extended.chr 2015/04/18 4.8.4
)
(./number_theory.aux)
\openout1 = `number_theory.aux'.

LaTeX Font Info:    Checking defaults for OML/cmm/m/it on input line 12.
LaTeX Font Info:    ... okay on input line 12.
LaTeX Font Info:    Checking defaults for OMS/cmsy/m/n on input line 12.
LaTeX Font Info:    ... okay on input line 12.
LaTeX Font Info:    Checking defaults for OT1/cmr/m/n on input line 12.
LaTeX Font Info:    ... okay on input line 12.
LaTeX Font Info:    Checking defaults for T1/cmr/m/n on input line 12.
LaTeX Font Info:    ... okay on input line 12.
LaTeX Font Info:    Checking defaults for TS1/cmr/m/n on input line 12.
LaTeX Font Info:    ... okay on input line 12.
LaTeX Font Info:    Checking defaults for OMX/cmex/m/n on input line 12.
LaTeX Font Info:    ... okay on input line 12.
LaTeX Font Info:    Checking defaults for U/cmr/m/n on input line 12.
LaTeX Font Info:    ... okay on input line 12.
LaTeX Font Info:    Checking defaults for C00/song/m/n on input line 12.
LaTeX Font Info:    ... okay on input line 12.
LaTeX Font Info:    Checking defaults for C05/song/m/n on input line 12.
LaTeX Font Info:    ... okay on input line 12.
LaTeX Font Info:    Checking defaults for C09/song/m/n on input line 12.
LaTeX Font Info:    ... okay on input line 12.
LaTeX Font Info:    Checking defaults for C10/song/m/n on input line 12.
LaTeX Font Info:    ... okay on input line 12.
LaTeX Font Info:    Checking defaults for C20/song/m/n on input line 12.
LaTeX Font Info:    ... okay on input line 12.
LaTeX Font Info:    Checking defaults for C19/song/m/n on input line 12.
LaTeX Font Info:    ... okay on input line 12.
LaTeX Font Info:    Checking defaults for C40/song/m/n on input line 12.
LaTeX Font Info:    ... okay on input line 12.
LaTeX Font Info:    Checking defaults for C42/song/m/n on input line 12.
LaTeX Font Info:    ... okay on input line 12.
LaTeX Font Info:    Checking defaults for C43/song/m/n on input line 12.
LaTeX Font Info:    ... okay on input line 12.
LaTeX Font Info:    Checking defaults for C50/song/m/n on input line 12.
LaTeX Font Info:    ... okay on input line 12.
LaTeX Font Info:    Checking defaults for C52/song/m/n on input line 12.
LaTeX Font Info:    ... okay on input line 12.
LaTeX Font Info:    Checking defaults for C49/song/m/n on input line 12.
LaTeX Font Info:    ... okay on input line 12.
LaTeX Font Info:    Checking defaults for C60/mj/m/n on input line 12.
LaTeX Font Info:    ... okay on input line 12.
LaTeX Font Info:    Checking defaults for C61/mj/m/n on input line 12.
LaTeX Font Info:    ... okay on input line 12.
LaTeX Font Info:    Checking defaults for C63/mj/m/n on input line 12.
LaTeX Font Info:    ... okay on input line 12.
LaTeX Font Info:    Checking defaults for C64/mj/m/n on input line 12.
LaTeX Font Info:    ... okay on input line 12.
LaTeX Font Info:    Checking defaults for C65/mj/m/n on input line 12.
LaTeX Font Info:    ... okay on input line 12.
LaTeX Font Info:    Checking defaults for C70/song/m/n on input line 12.
LaTeX Font Info:    ... okay on input line 12.
LaTeX Font Info:    Checking defaults for C31/song/m/n on input line 12.
LaTeX Font Info:    ... okay on input line 12.
LaTeX Font Info:    Checking defaults for C32/song/m/n on input line 12.
LaTeX Font Info:    ... okay on input line 12.
LaTeX Font Info:    Checking defaults for C33/song/m/n on input line 12.
LaTeX Font Info:    ... okay on input line 12.
LaTeX Font Info:    Checking defaults for C34/song/m/n on input line 12.
LaTeX Font Info:    ... okay on input line 12.
LaTeX Font Info:    Checking defaults for C35/song/m/n on input line 12.
LaTeX Font Info:    ... okay on input line 12.
LaTeX Font Info:    Checking defaults for C36/song/m/n on input line 12.
LaTeX Font Info:    ... okay on input line 12.
LaTeX Font Info:    Checking defaults for C37/song/m/n on input line 12.
LaTeX Font Info:    ... okay on input line 12.
LaTeX Font Info:    Checking defaults for C80/song/m/n on input line 12.
LaTeX Font Info:    ... okay on input line 12.
LaTeX Font Info:    Checking defaults for C81/song/m/n on input line 12.
LaTeX Font Info:    ... okay on input line 12.
LaTeX Font Info:    Checking defaults for C01/song/m/n on input line 12.
LaTeX Font Info:    ... okay on input line 12.
LaTeX Font Info:    Checking defaults for C11/song/m/n on input line 12.
LaTeX Font Info:    ... okay on input line 12.
LaTeX Font Info:    Checking defaults for C21/song/m/n on input line 12.
LaTeX Font Info:    ... okay on input line 12.
LaTeX Font Info:    Checking defaults for C41/song/m/n on input line 12.
LaTeX Font Info:    ... okay on input line 12.
LaTeX Font Info:    Checking defaults for C62/song/m/n on input line 12.
LaTeX Font Info:    ... okay on input line 12.
 ABD: EverySelectfont initializing macros
LaTeX Info: Redefining \selectfont on input line 12.
LaTeX Font Info:    Trying to load font information for U+msa on input line 13.


(p:/Tex/texlive/2020/texmf-dist/tex/latex/amsfonts/umsa.fd
File: umsa.fd 2013/01/14 v3.01 AMS symbols A
)
LaTeX Font Info:    Trying to load font information for U+msb on input line 13.


(p:/Tex/texlive/2020/texmf-dist/tex/latex/amsfonts/umsb.fd
File: umsb.fd 2013/01/14 v3.01 AMS symbols B
)
LaTeX Font Info:    Trying to load font information for U+rsfs on input line 13
.

(p:/Tex/texlive/2020/texmf-dist/tex/latex/jknapltx/ursfs.fd
File: ursfs.fd 1998/03/24 rsfs font definition file (jk)
)

LaTeX Warning: No \author given.

(./number_theory.toc

LaTeX Font Warning: Font shape `U/rsfs/m/n' in size <10.53937> not available
(Font)              size <10.95> substituted on input line 2.

[1

])
\tf@toc=\write3
\openout3 = `number_theory.toc'.

 [2] [3]
Overfull \hbox (4.93675pt too wide) in paragraph at lines 60--61
[]\OT1/cmr/m/n/10.53937 When a and b is large,to fig-ure out their gcd di-rectl
y is dif-fi-cult,Euclidean
 []


Overfull \hbox (9.44409pt too wide) in paragraph at lines 75--76
[]\OT1/cmr/m/n/10.53937 if $\OMS/cmsy/m/n/10.53937 9$$\OML/cmm/m/it/10.53937 r[
]$ \OT1/cmr/m/n/10.53937 ,$\OML/cmm/m/it/10.53937 r[]$ \OT1/cmr/m/n/10.53937 ,$
\OML/cmm/m/it/10.53937 r[]$$\OMS/cmsy/m/n/10.53937 j$$\OML/cmm/m/it/10.53937 r[
]$ \OT1/cmr/m/n/10.53937 ,then $\OML/cmm/m/it/10.53937 r[]$\OT1/cmr/m/n/10.5393
7 =$\OML/cmm/m/it/10.53937 q[]$$r[]$ \OT1/cmr/m/n/10.53937 ,oth-er-wise,because
 b=$\OML/cmm/m/it/10.53937 r[]$$>$$r[]$$>$$[]$$>$$r[]$$>$\OT1/cmr/m/n/10.53937 
0
 []


Overfull \hbox (34.06053pt too wide) detected at line 82
[]
 []

[4]
LaTeX Font Info:    Trying to load font information for OMS+cmr on input line 1
05.
 (p:/Tex/texlive/2020/texmf-dist/tex/latex/base/omscmr.fd
File: omscmr.fd 2019/12/16 v2.5j Standard LaTeX font definitions
)
LaTeX Font Info:    Font shape `OMS/cmr/m/n' in size <10.53937> not available
(Font)              Font shape `OMS/cmsy/m/n' tried instead on input line 105.
 [5] [6] [7]
[8]
Underfull \hbox (badness 10000) in paragraph at lines 238--239

 []

[9] [10]
Overfull \hbox (56.71214pt too wide) in paragraph at lines 298--300
\OT1/cmr/m/n/10.53937 (1)if \OMS/cmsy/m/n/10.53937 f $\OML/cmm/m/it/10.53937 x[
]; x[]; []  ; x[]$\OMS/cmsy/m/n/10.53937 g \OT1/cmr/m/n/10.53937 is a re-duced 
residue sys-tem , (a,m)=1 $\OMS/cmsy/m/n/10.53937 )$ f $\OML/cmm/m/it/10.53937 
ax[]; ax[]; []  ; ax[]$\OMS/cmsy/m/n/10.53937 g
 []


Overfull \hbox (96.60457pt too wide) detected at line 327
[]
 []

[11] [12] [13] [14] [15] [16]
Overfull \hbox (36.35559pt too wide) detected at line 470
[]
 []


Overfull \hbox (60.23738pt too wide) detected at line 492
\OT1/cmr/m/n/10.53937 (7) \OML/cmm/m/it/10.53937 if there is a primitive root m
od m ;  and there are '\OT1/cmr/m/n/10.53937 (\OML/cmm/m/it/10.53937 '\OT1/cmr/
m/n/10.53937 (\OML/cmm/m/it/10.53937 m\OT1/cmr/m/n/10.53937 )) \OML/cmm/m/it/10
.53937 primitive roots in total
 []

[17]
Overfull \hbox (25.48293pt too wide) detected at line 507
\OT1/cmr/m/n/10.53937 (2) \OML/cmm/m/it/10.53937 there are primitive roots mod 
m  \OMS/cmsy/m/n/10.53937 ,  \OML/cmm/m/it/10.53937 m \OT1/cmr/m/n/10.53937 = 2
\OML/cmm/m/it/10.53937 ; \OT1/cmr/m/n/10.53937 4\OML/cmm/m/it/10.53937 ; p[]; \
OT1/cmr/m/n/10.53937 2\OML/cmm/m/it/10.53937 p[] p is an odd prime
 []


Overfull \hbox (21.86743pt too wide) detected at line 526
\OT1/cmr/m/n/10.53937 (4) \OML/cmm/m/it/10.53937 if g and g[] are primitive roo
ts mod m  \OMS/cmsy/m/n/10.53937 ) \OML/cmm/m/it/10.53937 ind[]a \OMS/cmsy/m/n/
10.53937 j \OML/cmm/m/it/10.53937 ind[]a \OMS/cmsy/m/n/10.53937 ^^A \OML/cmm/m/
it/10.53937 ind[]g[] \OT1/cmr/m/n/10.53937 (\OML/cmm/m/it/10.53937 mod '\OT1/cm
r/m/n/10.53937 (\OML/cmm/m/it/10.53937 m\OT1/cmr/m/n/10.53937 ))
 []

[18] (./number_theory.aux)

LaTeX Font Warning: Size substitutions with differences
(Font)              up to 0.41063pt have occurred.

 ) 
Here is how much of TeX's memory you used:
 5583 strings out of 480608
 105043 string characters out of 5905572
 341771 words of memory out of 5000000
 21331 multiletter control sequences out of 15000+600000
 543620 words of font info for 73 fonts, out of 8000000 for 9000
 1141 hyphenation exceptions out of 8191
 46i,10n,59p,502b,226s stack positions out of 5000i,500n,10000p,200000b,80000s
<p:/Tex/texlive/2020/texmf-dist/fonts/type1/public/amsfonts/cm/cmbx10.pfb><p:
/Tex/texlive/2020/texmf-dist/fonts/type1/public/amsfonts/cm/cmbx12.pfb><p:/Tex/
texlive/2020/texmf-dist/fonts/type1/public/amsfonts/cm/cmex10.pfb><p:/Tex/texli
ve/2020/texmf-dist/fonts/type1/public/amsfonts/cm/cmmi10.pfb><p:/Tex/texlive/20
20/texmf-dist/fonts/type1/public/amsfonts/cm/cmmi5.pfb><p:/Tex/texlive/2020/tex
mf-dist/fonts/type1/public/amsfonts/cm/cmmi7.pfb><p:/Tex/texlive/2020/texmf-dis
t/fonts/type1/public/amsfonts/cm/cmr10.pfb><p:/Tex/texlive/2020/texmf-dist/font
s/type1/public/amsfonts/cm/cmr17.pfb><p:/Tex/texlive/2020/texmf-dist/fonts/type
1/public/amsfonts/cm/cmr5.pfb><p:/Tex/texlive/2020/texmf-dist/fonts/type1/publi
c/amsfonts/cm/cmr7.pfb><p:/Tex/texlive/2020/texmf-dist/fonts/type1/public/amsfo
nts/cm/cmsl10.pfb><p:/Tex/texlive/2020/texmf-dist/fonts/type1/public/amsfonts/c
m/cmsy10.pfb><p:/Tex/texlive/2020/texmf-dist/fonts/type1/public/amsfonts/cm/cms
y5.pfb><p:/Tex/texlive/2020/texmf-dist/fonts/type1/public/amsfonts/cm/cmsy7.pfb
><p:/Tex/texlive/2020/texmf-dist/fonts/type1/public/amsfonts/symbols/msam10.pfb
><p:/Tex/texlive/2020/texmf-dist/fonts/type1/public/amsfonts/symbols/msbm10.pfb
>
Output written on number_theory.pdf (18 pages, 200367 bytes).
PDF statistics:
 126 PDF objects out of 1000 (max. 8388607)
 89 compressed objects within 1 object stream
 0 named destinations out of 1000 (max. 500000)
 1 words of extra memory for PDF output out of 10000 (max. 10000000)

